<?xml version="1.0" encoding="UTF-8"?>
<coverage generated="1665955792362" clover="3.2.0">
  <project timestamp="1665955792362" name="All files">
    <metrics statements="17" coveredstatements="8" conditionals="0" coveredconditionals="0" methods="10" coveredmethods="3" elements="27" coveredelements="11" complexity="0" loc="17" ncloc="17" packages="1" files="4" classes="4"/>
    <file name="CreateGroup.vue" path="/Users/hthibaut/promo2024/EIP/Vakary-Web/src/components/CreateGroup.vue">
      <metrics statements="8" coveredstatements="4" conditionals="0" coveredconditionals="0" methods="5" coveredmethods="2"/>
      <line num="40" count="1" type="stmt"/>
      <line num="45" count="1" type="stmt"/>
      <line num="46" count="1" type="stmt"/>
      <line num="49" count="0" type="stmt"/>
      <line num="50" count="0" type="stmt"/>
      <line num="54" count="4" type="stmt"/>
      <line num="62" count="0" type="stmt"/>
      <line num="68" count="0" type="stmt"/>
    </file>
    <file name="Product.vue" path="/Users/hthibaut/promo2024/EIP/Vakary-Web/src/components/Product.vue">
      <metrics statements="1" coveredstatements="1" conditionals="0" coveredconditionals="0" methods="0" coveredmethods="0"/>
      <line num="18" count="1" type="stmt"/>
    </file>
    <file name="VakaryHome.vue" path="/Users/hthibaut/promo2024/EIP/Vakary-Web/src/components/VakaryHome.vue">
      <metrics statements="3" coveredstatements="1" conditionals="0" coveredconditionals="0" methods="2" coveredmethods="0"/>
      <line num="68" count="1" type="stmt"/>
      <line num="74" count="0" type="stmt"/>
      <line num="77" count="0" type="stmt"/>
    </file>
    <file name="showMembers.vue" path="/Users/hthibaut/promo2024/EIP/Vakary-Web/src/components/showMembers.vue">
      <metrics statements="5" coveredstatements="2" conditionals="0" coveredconditionals="0" methods="3" coveredmethods="1"/>
      <line num="50" count="1" type="stmt"/>
      <line num="55" count="0" type="stmt"/>
      <line num="56" count="0" type="stmt"/>
      <line num="61" count="0" type="stmt"/>
      <line num="65" count="2" type="stmt"/>
    </file>
  </project>
</coverage>
