{"/Users/hthibaut/promo2024/EIP/Vakary-Web/src/components/CreateGroup.vue": {"path":"/Users/hthibaut/promo2024/EIP/Vakary-Web/src/components/CreateGroup.vue","statementMap":{"0":{"start":{"line":40,"column":15},"end":{"line":40,"column":null}},"1":{"start":{"line":45,"column":12},"end":{"line":45,"column":17}},"2":{"start":{"line":46,"column":12},"end":{"line":46,"column":17}},"3":{"start":{"line":49,"column":12},"end":{"line":49,"column":17}},"4":{"start":{"line":50,"column":12},"end":{"line":50,"column":17}},"5":{"start":{"line":54,"column":8},"end":{"line":54,"column":15}},"6":{"start":{"line":62,"column":8},"end":{"line":62,"column":15}},"7":{"start":{"line":68,"column":12},"end":{"line":68,"column":19}}},"fnMap":{"0":{"name":"(anonymous_0)","decl":{"start":{"line":44,"column":8},"end":{"line":44,"column":19}},"loc":{"start":{"line":44,"column":22},"end":{"line":47,"column":null}}},"1":{"name":"(anonymous_1)","decl":{"start":{"line":48,"column":8},"end":{"line":48,"column":18}},"loc":{"start":{"line":48,"column":21},"end":{"line":51,"column":null}}},"2":{"name":"(anonymous_2)","decl":{"start":{"line":53,"column":4},"end":{"line":53,"column":8}},"loc":{"start":{"line":53,"column":11},"end":{"line":60,"column":null}}},"3":{"name":"(anonymous_3)","decl":{"start":{"line":61,"column":4},"end":{"line":61,"column":11}},"loc":{"start":{"line":61,"column":14},"end":{"line":64,"column":null}}},"4":{"name":"(anonymous_4)","decl":{"start":{"line":67,"column":8},"end":{"line":67,"column":18}},"loc":{"start":{"line":67,"column":25},"end":{"line":69,"column":null}}}},"branchMap":{},"s":{"0":1,"1":1,"2":1,"3":0,"4":0,"5":4,"6":0,"7":0},"f":{"0":1,"1":0,"2":4,"3":0,"4":0},"b":{}}
,"/Users/hthibaut/promo2024/EIP/Vakary-Web/src/components/Product.vue": {"path":"/Users/hthibaut/promo2024/EIP/Vakary-Web/src/components/Product.vue","statementMap":{"0":{"start":{"line":18,"column":15},"end":{"line":18,"column":null}}},"fnMap":{},"branchMap":{},"s":{"0":1},"f":{},"b":{}}
,"/Users/hthibaut/promo2024/EIP/Vakary-Web/src/components/VakaryHome.vue": {"path":"/Users/hthibaut/promo2024/EIP/Vakary-Web/src/components/VakaryHome.vue","statementMap":{"0":{"start":{"line":68,"column":15},"end":{"line":68,"column":null}},"1":{"start":{"line":74,"column":6},"end":{"line":74,"column":11}},"2":{"start":{"line":77,"column":6},"end":{"line":77,"column":11}}},"fnMap":{"0":{"name":"(anonymous_0)","decl":{"start":{"line":73,"column":4},"end":{"line":73,"column":17}},"loc":{"start":{"line":73,"column":20},"end":{"line":75,"column":null}}},"1":{"name":"(anonymous_1)","decl":{"start":{"line":76,"column":4},"end":{"line":76,"column":13}},"loc":{"start":{"line":76,"column":16},"end":{"line":78,"column":null}}}},"branchMap":{},"s":{"0":1,"1":0,"2":0},"f":{"0":0,"1":0},"b":{}}
,"/Users/hthibaut/promo2024/EIP/Vakary-Web/src/components/showMembers.vue": {"path":"/Users/hthibaut/promo2024/EIP/Vakary-Web/src/components/showMembers.vue","statementMap":{"0":{"start":{"line":50,"column":15},"end":{"line":50,"column":null}},"1":{"start":{"line":55,"column":12},"end":{"line":55,"column":17}},"2":{"start":{"line":56,"column":12},"end":{"line":56,"column":17}},"3":{"start":{"line":61,"column":12},"end":{"line":61,"column":19}},"4":{"start":{"line":65,"column":8},"end":{"line":65,"column":15}}},"fnMap":{"0":{"name":"(anonymous_0)","decl":{"start":{"line":54,"column":8},"end":{"line":54,"column":19}},"loc":{"start":{"line":54,"column":22},"end":{"line":57,"column":null}}},"1":{"name":"(anonymous_1)","decl":{"start":{"line":60,"column":8},"end":{"line":60,"column":19}},"loc":{"start":{"line":60,"column":21},"end":{"line":62,"column":null}}},"2":{"name":"(anonymous_2)","decl":{"start":{"line":64,"column":4},"end":{"line":64,"column":8}},"loc":{"start":{"line":64,"column":11},"end":{"line":70,"column":null}}}},"branchMap":{},"s":{"0":1,"1":0,"2":0,"3":0,"4":2},"f":{"0":0,"1":0,"2":2},"b":{}}
}
