TN:
SF:src/components/CreateGroup.vue
FN:44,(anonymous_0)
FN:48,(anonymous_1)
FN:53,(anonymous_2)
FN:61,(anonymous_3)
FN:67,(anonymous_4)
FNF:5
FNH:2
FNDA:1,(anonymous_0)
FNDA:0,(anonymous_1)
FNDA:4,(anonymous_2)
FNDA:0,(anonymous_3)
FNDA:0,(anonymous_4)
DA:40,1
DA:45,1
DA:46,1
DA:49,0
DA:50,0
DA:54,4
DA:62,0
DA:68,0
LF:8
LH:4
BRF:0
BRH:0
end_of_record
TN:
SF:src/components/Product.vue
FNF:0
FNH:0
DA:18,1
LF:1
LH:1
BRF:0
BRH:0
end_of_record
TN:
SF:src/components/VakaryHome.vue
FN:73,(anonymous_0)
FN:76,(anonymous_1)
FNF:2
FNH:0
FNDA:0,(anonymous_0)
FNDA:0,(anonymous_1)
DA:68,1
DA:74,0
DA:77,0
LF:3
LH:1
BRF:0
BRH:0
end_of_record
TN:
SF:src/components/showMembers.vue
FN:54,(anonymous_0)
FN:60,(anonymous_1)
FN:64,(anonymous_2)
FNF:3
FNH:1
FNDA:0,(anonymous_0)
FNDA:0,(anonymous_1)
FNDA:2,(anonymous_2)
DA:50,1
DA:55,0
DA:56,0
DA:61,0
DA:65,2
LF:5
LH:2
BRF:0
BRH:0
end_of_record
